\BOOKMARK [1][-]{section.1}{\376\377\000T\000e\000r\000m\000s}{}% 1
\BOOKMARK [2][-]{subsection.1.1}{\376\377\000M\000o\000d\000e\000l\000\040\000S\000e\000c\000t\000i\000o\000n\000\040\000T\000e\000r\000m\000s}{section.1}% 2
\BOOKMARK [2][-]{subsection.1.2}{\376\377\000D\000y\000n\000a\000m\000i\000c\000\040\000H\000a\000t\000\040\000A\000l\000g\000e\000b\000r\000a\000\040\000S\000e\000c\000t\000i\000o\000n\000\040\000T\000e\000r\000m\000s}{section.1}% 3
\BOOKMARK [1][-]{section.2}{\376\377\000T\000h\000e\000\040\000M\000o\000d\000e\000l}{}% 4
\BOOKMARK [2][-]{subsection.2.1}{\376\377\000I\000n\000i\000t\000i\000a\000l\000\040\000S\000e\000t\000u\000p}{section.2}% 5
\BOOKMARK [2][-]{subsection.2.2}{\376\377\000H\000o\000u\000s\000e\000h\000o\000l\000d\000\040\000P\000r\000o\000b\000l\000e\000m}{section.2}% 6
\BOOKMARK [2][-]{subsection.2.3}{\376\377\000P\000r\000o\000d\000u\000c\000t\000i\000o\000n}{section.2}% 7
\BOOKMARK [3][-]{subsubsection.2.3.1}{\376\377\000I\000n\000t\000e\000r\000m\000e\000d\000i\000a\000t\000e\000\040\000G\000o\000o\000d\000\040\000P\000r\000o\000d\000u\000c\000t\000i\000o\000n}{subsection.2.3}% 8
\BOOKMARK [4][-]{paragraph.2.3.1.1}{\376\377\000P\000r\000o\000d\000u\000c\000t\000i\000o\000n\000\040\000F\000u\000n\000c\000t\000i\000o\000n}{subsubsection.2.3.1}% 9
\BOOKMARK [4][-]{paragraph.2.3.1.2}{\376\377\000U\000n\000i\000t\000\040\000P\000r\000i\000c\000e\000\040\000o\000f\000\040\000a\000n\000\040\000I\000n\000p\000u\000t\000\040\000B\000u\000n\000d\000l\000e}{subsubsection.2.3.1}% 10
\BOOKMARK [4][-]{paragraph.2.3.1.3}{\376\377\000P\000r\000i\000c\000e\000\040\000o\000f\000\040\000G\000o\000o\000d\000\040\000j\000\040\000i\000n\000\040\000R\000e\000g\000i\000o\000n\000\040\000n}{subsubsection.2.3.1}% 11
\BOOKMARK [3][-]{subsubsection.2.3.2}{\376\377\000L\000o\000c\000a\000l\000\040\000S\000e\000c\000t\000o\000r\000a\000l\000\040\000A\000g\000g\000r\000e\000g\000a\000t\000e\000\040\000G\000o\000o\000d\000s}{subsection.2.3}% 12
\BOOKMARK [4][-]{paragraph.2.3.2.1}{\376\377\000Q\000u\000a\000n\000t\000i\000t\000y\000\040\000o\000f\000\040\000A\000g\000g\000r\000e\000g\000a\000t\000e\000\040\000S\000e\000c\000t\000o\000r\000a\000l\000\040\000G\000o\000o\000d\000s}{subsubsection.2.3.2}% 13
\BOOKMARK [4][-]{paragraph.2.3.2.2}{\376\377\000P\000r\000i\000c\000e\000\040\000o\000f\000\040\000A\000g\000g\000r\000e\000g\000a\000t\000e\000\040\000S\000e\000c\000t\000o\000r\000a\000l\000\040\000G\000o\000o\000d\000s}{subsubsection.2.3.2}% 14
\BOOKMARK [4][-]{paragraph.2.3.2.3}{\376\377\000S\000h\000a\000r\000e\000\040\000o\000f\000\040\000T\000o\000t\000a\000l\000\040\000E\000x\000p\000e\000n\000d\000i\000t\000u\000r\000e\000\040\000i\000n\000\040\000M\000a\000r\000k\000e\000t\000\040\000n\000j\000\040\000o\000n\000\040\000G\000o\000o\000d\000s\000\040\000j\000\040\000f\000r\000o\000m\000\040\000M\000a\000r\000k\000e\000t\000\040\000i}{subsubsection.2.3.2}% 15
\BOOKMARK [3][-]{subsubsection.2.3.3}{\376\377\000M\000a\000r\000k\000e\000t\000\040\000C\000l\000e\000a\000r\000i\000n\000g\000\040\000a\000n\000d\000\040\000U\000n\000b\000a\000l\000a\000n\000c\000e\000d\000\040\000T\000r\000a\000d\000e}{subsection.2.3}% 16
\BOOKMARK [4][-]{paragraph.2.3.3.1}{\376\377\000G\000l\000o\000b\000a\000l\000\040\000P\000o\000r\000t\000f\000o\000l\000i\000o\000\040\000a\000n\000d\000\040\000R\000e\000n\000t}{subsubsection.2.3.3}% 17
\BOOKMARK [4][-]{paragraph.2.3.3.2}{\376\377\000T\000o\000t\000a\000l\000\040\000E\000x\000p\000e\000n\000d\000i\000t\000u\000r\000e\000\040\000o\000n\000\040\000G\000o\000o\000d\000s\000\040\000j\000\040\000i\000n\000\040\000R\000e\000g\000i\000o\000n\000\040\000n}{subsubsection.2.3.3}% 18
\BOOKMARK [4][-]{paragraph.2.3.3.3}{\376\377\000L\000a\000b\000o\000r\000\040\000E\000x\000p\000r\000e\000s\000s\000i\000o\000n}{subsubsection.2.3.3}% 19
\BOOKMARK [2][-]{subsection.2.4}{\376\377\000E\000q\000u\000i\000l\000i\000b\000r\000i\000u\000m}{section.2}% 20
\BOOKMARK [3][-]{subsubsection.2.4.1}{\376\377\000F\000u\000n\000d\000a\000m\000e\000n\000t\000a\000l\000s\000\040\000a\000n\000d\000\040\000P\000a\000r\000a\000m\000e\000t\000e\000r\000s}{subsection.2.4}% 21
\BOOKMARK [3][-]{subsubsection.2.4.2}{\376\377\000E\000q\000u\000i\000l\000i\000b\000r\000i\000u\000m\000\040\000D\000e\000f\000i\000n\000i\000t\000i\000o\000n}{subsection.2.4}% 22
\BOOKMARK [4][-]{paragraph.2.4.2.1}{\376\377\000T\000e\000m\000p\000o\000r\000a\000r\000y\000\040\000E\000q\000u\000i\000l\000i\000b\000r\000i\000u\000m}{subsubsection.2.4.2}% 23
\BOOKMARK [4][-]{paragraph.2.4.2.2}{\376\377\000S\000e\000q\000u\000e\000n\000t\000i\000a\000l\000\040\000C\000o\000m\000p\000e\000t\000i\000t\000i\000v\000e\000\040\000E\000q\000u\000i\000l\000i\000b\000r\000i\000u\000m}{subsubsection.2.4.2}% 24
\BOOKMARK [4][-]{paragraph.2.4.2.3}{\376\377\000S\000t\000a\000t\000i\000o\000n\000a\000r\000y\000\040\000E\000q\000u\000i\000l\000i\000b\000r\000i\000u\000m}{subsubsection.2.4.2}% 25
\BOOKMARK [1][-]{section.3}{\376\377\000D\000y\000n\000a\000m\000i\000c\000\040\000H\000a\000t\000\040\000A\000l\000g\000e\000b\000r\000a}{}% 26
\BOOKMARK [2][-]{subsection.3.1}{\376\377\000S\000o\000l\000v\000i\000n\000g\000\040\000t\000h\000e\000\040\000M\000o\000d\000e\000l}{section.3}% 27
\BOOKMARK [3][-]{subsubsection.3.1.1}{\376\377\000T\000e\000m\000p\000o\000r\000a\000r\000y\000\040\000E\000q\000u\000i\000l\000i\000b\000r\000i\000u\000m\000\040\000o\000f\000\040\000t\000h\000e\000\040\000B\000a\000s\000e\000l\000i\000n\000e\000\040\000E\000c\000o\000n\000o\000m\000y\000\040\000A\000f\000t\000e\000r\000\040\000C\000h\000a\000n\000g\000i\000n\000g\000\040\000E\000m\000p\000l\000o\000y\000m\000e\000n\000t\000\040\000a\000n\000d\000\040\000F\000u\000n\000d\000a\000m\000e\000n\000t\000a\000l\000s}{subsection.3.1}% 28
\BOOKMARK [3][-]{subsubsection.3.1.2}{\376\377\000S\000o\000l\000v\000i\000n\000g\000\040\000f\000o\000r\000\040\000t\000h\000e\000\040\000S\000e\000q\000u\000e\000n\000t\000i\000a\000l\000\040\000E\000q\000u\000i\000l\000i\000b\000r\000i\000u\000m}{subsection.3.1}% 29
\BOOKMARK [2][-]{subsection.3.2}{\376\377\000S\000o\000l\000v\000i\000n\000g\000\040\000f\000o\000r\000\040\000C\000o\000u\000n\000t\000e\000r\000f\000a\000c\000t\000u\000a\000l\000s}{section.3}% 30
\BOOKMARK [1][-]{section.4}{\376\377\000D\000e\000r\000i\000v\000a\000t\000i\000o\000n\000s}{}% 31
\BOOKMARK [2][-]{subsection.4.1}{\376\377\000D\000e\000r\000i\000v\000a\000t\000i\000o\000n\000\040\000o\000f\000\040\000V\000t\000n\000\040\000j}{section.4}% 32
